<?xml version="1.0" encoding="utf-8"?>
<TestRun id="6d0b3d21-ff20-48cd-abd3-7d7771c315a7" name="@Air-Evgenia 2025-03-10 21:19:27" xmlns="http://microsoft.com/schemas/VisualStudio/TeamTest/2010">
  <Times creation="2025-03-10T21:19:27.9182190+01:00" queuing="2025-03-10T21:19:27.9182190+01:00" start="2025-03-10T21:19:27.4046260+01:00" finish="2025-03-10T21:19:27.9184960+01:00" />
  <TestSettings name="default" id="b2de23bf-697f-4808-a295-d5a8bd0294e1">
    <Deployment runDeploymentRoot="_Air-Evgenia_2025-03-10_21_19_27" />
  </TestSettings>
  <TestLists>
    <TestList name="Results Not in a List" id="8c84fa94-04c1-424b-9868-57a2d4851a1d" />
    <TestList name="All Loaded Results" id="19431567-8539-422a-85d7-44ee4e166bda" />
  </TestLists>
  <ResultSummary outcome="Failed">
    <Counters total="0" executed="0" passed="0" failed="0" error="0" timeout="0" aborted="0" inconclusive="0" passedButRunAborted="0" notRunnable="0" notExecuted="0" disconnected="0" warning="0" completed="0" inProgress="0" pending="0" />
    <Output>
      <StdOut>NUnit Adapter 5.0.0.0: Test execution started
Running all tests in /Users/evgeniaagafonova/Documents/projects/VSCode/miacademy/bin/Debug/net8.0/techTask.dll
   NUnit3TestExecutor discovered 1 of 1 NUnit test cases using Current Discovery mode, Non-Explicit run
</StdOut>
    </Output>
    <RunInfos>
      <RunInfo computerName="Air-Evgenia" outcome="Error" timestamp="2025-03-10T21:19:27.9053800+01:00">
        <Text>The active test run was aborted. Reason: Test host process crashed : Unhandled exception. System.InvalidOperationException: No container context is active.
   at Allure.Net.Commons.AllureContext.get_CurrentContainer()
   at Allure.Net.Commons.AllureLifecycle.UpdateTestContainer(Action`1 update)
   at Allure.Net.Commons.AllureLifecycle.StopTestContainer()
   at Allure.NUnit.Core.AllureNUnitHelper.StopTestContainer()
   at Allure.NUnit.AllureNUnitAttribute.&lt;&gt;c__DisplayClass2_0.&lt;AfterTest&gt;b__0()
   at Allure.NUnit.AllureNUnitAttribute.RunHookInRestoredAllureContext(ITest test, Action action)
   at Allure.NUnit.AllureNUnitAttribute.AfterTest(ITest test)
   at NUnit.Framework.Internal.Commands.TestActionItem.AfterTest(ITest test)
   at NUnit.Framework.Internal.Commands.AfterTestActionCommand.&lt;&gt;c__DisplayClass0_0.&lt;.ctor&gt;b__0(TestExecutionContext context)
   at NUnit.Framework.Internal.Commands.AfterTestCommand.Execute(TestExecutionContext context)
   at NUnit.Framework.Internal.Execution.CompositeWorkItem.PerformOneTimeTearDown()
   at NUnit.Framework.Internal.Execution.CompositeWorkItem.OneTimeTearDownWorkItem.Execute()
   at NUnit.Framework.Internal.Execution.TestWorker.TestWorkerThreadProc()
   at System.Threading.Thread.StartCallback()
</Text>
      </RunInfo>
    </RunInfos>
  </ResultSummary>
</TestRun>